<?xml version="1.0" encoding="utf-8"?><testsuites><testsuite name="pytest" errors="0" failures="0" skipped="0" tests="7" time="14.354" timestamp="2024-10-22T15:28:01.547731+05:30" hostname="AUTOnGDqZYKqYIq"><testcase classname="tests.end_to_end_test.TestOne" name="test_end_2_end" time="9.124" /><testcase classname="tests.test_home_page.TestHomePage" name="test_form_submission[getData0]" time="2.912" /><testcase classname="tests.test_home_page.TestHomePage" name="test_form_submission[getData1]" time="0.398" /><testcase classname="tests.test_home_page.TestHomePage" name="test_form_submission[getData2]" time="0.344" /><testcase classname="tests.test_home_page.TestHomePage" name="test_form_submission[getData3]" time="0.337" /><testcase classname="tests.test_home_page.TestHomePage" name="test_form_submission[getData4]" time="0.396" /><testcase classname="tests.test_home_page.TestHomePage" name="test_form_submission[getData5]" time="0.505" /></testsuite></testsuites>